libtoolize: putting auxiliary files in AC_CONFIG_AUX_DIR, 'build-aux'.
libtoolize: copying file 'build-aux/ltmain.sh'
libtoolize: putting macros in AC_CONFIG_MACRO_DIRS, 'build-aux/m4'.
libtoolize: copying file 'build-aux/m4/libtool.m4'
libtoolize: copying file 'build-aux/m4/ltoptions.m4'
libtoolize: copying file 'build-aux/m4/ltsugar.m4'
libtoolize: copying file 'build-aux/m4/ltversion.m4'
libtoolize: copying file 'build-aux/m4/lt~obsolete.m4'
configure.ac:40: installing 'build-aux/ar-lib'
configure.ac:35: installing 'build-aux/compile'
configure.ac:24: installing 'build-aux/config.guess'
configure.ac:24: installing 'build-aux/config.sub'
configure.ac:30: installing 'build-aux/install-sh'
configure.ac:30: installing 'build-aux/missing'
Makefile.am: installing 'build-aux/depcomp'
parallel-tests: installing 'build-aux/test-driver'
libtoolize: putting auxiliary files in AC_CONFIG_AUX_DIR, 'build-aux'.
libtoolize: copying file 'build-aux/ltmain.sh'
libtoolize: putting macros in AC_CONFIG_MACRO_DIRS, 'build-aux/m4'.
libtoolize: copying file 'build-aux/m4/libtool.m4'
libtoolize: copying file 'build-aux/m4/ltoptions.m4'
libtoolize: copying file 'build-aux/m4/ltsugar.m4'
libtoolize: copying file 'build-aux/m4/ltversion.m4'
libtoolize: copying file 'build-aux/m4/lt~obsolete.m4'
configure.ac:108: installing 'build-aux/compile'
configure.ac:40: installing 'build-aux/config.guess'
configure.ac:40: installing 'build-aux/config.sub'
configure.ac:47: installing 'build-aux/install-sh'
configure.ac:47: installing 'build-aux/missing'
src/Makefile.bench.include:97: warning: %.raw.h was already defined in condition TRUE, which includes condition ENABLE_BENCH ...
src/Makefile.am:1065:   'src/Makefile.bench.include' included from here
src/Makefile.test.include:420: ... '%.raw.h' previously defined here
src/Makefile.am:1062:   'src/Makefile.test.include' included from here
src/Makefile.am: installing 'build-aux/depcomp'
parallel-tests: installing 'build-aux/test-driver'
